[2023-09-04 10:28:10,290][Thread-4:14696][task_id:django.request][base.py:93][WARNING][Not Found: /david]
[2023-09-07 10:29:43,688][Thread-32:14948][task_id:django.request][base.py:93][WARNING][Not Found: /login2/]
[2023-09-07 10:30:26,648][Thread-40:13060][task_id:django.request][base.py:93][WARNING][Not Found: /]
[2023-09-07 10:30:32,942][Thread-41:12708][task_id:django.request][base.py:93][WARNING][Not Found: /eweq]
[2023-09-07 10:30:39,757][Thread-42:17020][task_id:django.request][base.py:93][WARNING][Not Found: /]
[2023-09-07 11:01:54,619][Thread-5:18980][task_id:django.request][base.py:93][WARNING][Not Found: /asdasdasfas]
[2023-09-07 11:03:51,511][Thread-3:19144][task_id:blog.views][views.py:280][WARNING][又有人访问不存在页面了...]
[2023-09-07 11:04:01,287][Thread-6:13204][task_id:blog.views][views.py:280][WARNING][又有人访问不存在页面了...]
[2023-09-07 11:05:01,675][Thread-3:6872][task_id:django.request][base.py:93][WARNING][Not Found: /blog/]
[2023-09-07 11:05:53,063][Thread-4:2564][task_id:django.request][base.py:93][WARNING][Not Found: /admin/]
[2023-09-07 11:05:54,176][Thread-5:12044][task_id:django.request][base.py:93][WARNING][Not Found: /admin/]
[2023-09-07 11:05:57,057][Thread-6:18708][task_id:django.request][base.py:93][WARNING][Not Found: /admin/]
[2023-09-07 11:06:13,678][Thread-1:17996][task_id:django.request][base.py:93][WARNING][Not Found: /admin/]
[2023-09-07 11:06:13,694][Thread-3:4496][task_id:django.request][base.py:93][WARNING][Not Found: /admin/]
[2023-09-07 11:06:37,495][Thread-3:16104][task_id:django.request][base.py:93][WARNING][Not Found: /static/admin/css/responsive.css]
[2023-09-07 11:06:37,504][Thread-4:14444][task_id:django.request][base.py:93][WARNING][Not Found: /static/admin/css/fonts.css]
[2023-09-07 11:06:37,512][Thread-5:17708][task_id:django.request][base.py:93][WARNING][Not Found: /static/admin/img/icon-addlink.svg]
[2023-09-07 11:06:37,514][Thread-6:9888][task_id:django.request][base.py:93][WARNING][Not Found: /static/admin/img/icon-changelink.svg]
[2023-09-07 11:07:02,227][Thread-10:2972][task_id:django.request][base.py:93][WARNING][Not Found: /login/dasda]
[2023-09-07 11:18:00,506][Thread-1:16496][task_id:django.request][base.py:93][WARNING][Not Found: /david/]
